build/app/intermediates/manifest_merge_blame_file/release/manifest-merger-blame-release-report.txt
1<?xml version="1.0" encoding="utf-8"?>
2<manifest xmlns:android="http://schemas.android.com/apk/res/android"
3    package="com.worldon_app.worldon"
4    android:versionCode="1"
5    android:versionName="1.0.0" >
6
7    <uses-sdk
8        android:minSdkVersion="21"
8-->src\main\AndroidManifest.xml
9        android:targetSdkVersion="28" />
9-->src\main\AndroidManifest.xml
10
11    <uses-permission android:name="android.permission.READ_EXTERNAL_STORAGE" />
11-->[:image_picker] AndroidManifest.xml:7:5-80
11-->[:image_picker] AndroidManifest.xml:7:22-77
12    <uses-permission android:name="android.permission.WRITE_EXTERNAL_STORAGE" /> <!-- Include required permissions for Google Maps API to run. -->
12-->[:image_picker] AndroidManifest.xml:8:5-81
12-->[:image_picker] AndroidManifest.xml:8:22-78
13    <uses-permission android:name="android.permission.ACCESS_NETWORK_STATE" />
13-->[com.google.android.gms:play-services-maps:17.0.0] AndroidManifest.xml:23:5-79
13-->[com.google.android.gms:play-services-maps:17.0.0] AndroidManifest.xml:23:22-76
14    <uses-permission android:name="android.permission.INTERNET" />
14-->[com.google.android.gms:play-services-maps:17.0.0] AndroidManifest.xml:24:5-67
14-->[com.google.android.gms:play-services-maps:17.0.0] AndroidManifest.xml:24:22-64
15
16    <uses-feature
16-->[com.google.android.gms:play-services-maps:17.0.0] AndroidManifest.xml:26:5-28:35
17        android:glEsVersion="0x00020000"
17-->[com.google.android.gms:play-services-maps:17.0.0] AndroidManifest.xml:27:9-41
18        android:required="true" />
18-->[com.google.android.gms:play-services-maps:17.0.0] AndroidManifest.xml:28:9-32
19    <!--
20 io.flutter.app.FlutterApplication is an android.app.Application that
21         calls FlutterMain.startInitialization(this); in its onCreate method.
22         In most cases you can leave this as-is, but you if you want to provide
23         additional functionality it is fine to subclass or reimplement
24         FlutterApplication and put your custom class here.
25    -->
26    <application
26-->src\main\AndroidManifest.xml:8:5-47:19
27        android:name="io.flutter.app.FlutterApplication"
27-->src\main\AndroidManifest.xml:9:9-57
28        android:appComponentFactory="androidx.core.app.CoreComponentFactory"
28-->[androidx.core:core:1.1.0] AndroidManifest.xml:24:18-86
29        android:icon="@mipmap/ic_launcher"
29-->src\main\AndroidManifest.xml:10:9-43
30        android:label="worldon" >
30-->src\main\AndroidManifest.xml:11:9-32
31        <meta-data
31-->src\main\AndroidManifest.xml:12:9-14:71
32            android:name="com.google.android.geo.API_KEY"
32-->src\main\AndroidManifest.xml:13:13-58
33            android:value="AIzaSyC56nMuqNZ9eRl9tfHDmLAyUVqQ36EIokM" />
33-->src\main\AndroidManifest.xml:14:13-68
34
35        <activity
35-->src\main\AndroidManifest.xml:15:9-41:20
36            android:name="com.worldon_app.worldon.MainActivity"
36-->src\main\AndroidManifest.xml:16:13-41
37            android:configChanges="orientation|keyboardHidden|keyboard|screenSize|smallestScreenSize|locale|layoutDirection|fontScale|screenLayout|density|uiMode"
37-->src\main\AndroidManifest.xml:17:13-163
38            android:hardwareAccelerated="true"
38-->src\main\AndroidManifest.xml:18:13-47
39            android:launchMode="singleTop"
39-->src\main\AndroidManifest.xml:19:13-43
40            android:theme="@style/LaunchTheme"
40-->src\main\AndroidManifest.xml:20:13-47
41            android:windowSoftInputMode="adjustResize" >
41-->src\main\AndroidManifest.xml:21:13-55
42
43            <!--
44                 Specifies an Android theme to apply to this Activity as soon as
45                 the Android process has started. This theme is visible to the user
46                 while the Flutter UI initializes. After that, this theme continues
47                 to determine the Window background behind the Flutter UI.
48            -->
49            <meta-data
49-->src\main\AndroidManifest.xml:26:13-28:57
50                android:name="io.flutter.embedding.android.NormalTheme"
50-->src\main\AndroidManifest.xml:27:17-72
51                android:resource="@style/NormalTheme" />
51-->src\main\AndroidManifest.xml:28:17-54
52            <!--
53                 Displays an Android View that continues showing the launch screen
54                 Drawable until Flutter paints its first frame, then this splash
55                 screen fades out. A splash screen is useful to avoid any visual
56                 gap between the end of Android's launch screen and the painting of
57                 Flutter's first frame.
58            -->
59            <meta-data
59-->src\main\AndroidManifest.xml:34:13-36:66
60                android:name="io.flutter.embedding.android.SplashScreenDrawable"
60-->src\main\AndroidManifest.xml:35:17-81
61                android:resource="@drawable/launch_background" />
61-->src\main\AndroidManifest.xml:36:17-63
62
63            <intent-filter>
63-->src\main\AndroidManifest.xml:37:13-40:29
64                <action android:name="android.intent.action.MAIN" />
64-->src\main\AndroidManifest.xml:38:17-69
64-->src\main\AndroidManifest.xml:38:25-66
65
66                <category android:name="android.intent.category.LAUNCHER" />
66-->src\main\AndroidManifest.xml:39:17-77
66-->src\main\AndroidManifest.xml:39:27-74
67            </intent-filter>
68        </activity>
69        <!--
70             Don't delete the meta-data below.
71             This is used by the Flutter tool to generate GeneratedPluginRegistrant.java
72        -->
73        <meta-data
73-->src\main\AndroidManifest.xml:44:9-46:33
74            android:name="flutterEmbedding"
74-->src\main\AndroidManifest.xml:45:13-44
75            android:value="2" />
75-->src\main\AndroidManifest.xml:46:13-30
76
77        <provider
77-->[com.sangcomz:FishBun:0.11.2] AndroidManifest.xml:12:9-20:20
78            android:name="com.sangcomz.fishbun.FishBunFileProvider"
78-->[com.sangcomz:FishBun:0.11.2] AndroidManifest.xml:13:13-68
79            android:authorities="com.worldon_app.worldon.fishbunfileprovider"
79-->[com.sangcomz:FishBun:0.11.2] AndroidManifest.xml:14:13-71
80            android:exported="false"
80-->[com.sangcomz:FishBun:0.11.2] AndroidManifest.xml:15:13-37
81            android:grantUriPermissions="true" >
81-->[com.sangcomz:FishBun:0.11.2] AndroidManifest.xml:16:13-47
82            <meta-data
82-->[com.sangcomz:FishBun:0.11.2] AndroidManifest.xml:17:13-19:58
83                android:name="android.support.FILE_PROVIDER_PATHS"
83-->[com.sangcomz:FishBun:0.11.2] AndroidManifest.xml:18:17-67
84                android:resource="@xml/provider_paths" />
84-->[com.sangcomz:FishBun:0.11.2] AndroidManifest.xml:19:17-55
85        </provider>
86
87        <activity
87-->[com.sangcomz:FishBun:0.11.2] AndroidManifest.xml:22:9-25:51
88            android:name="com.sangcomz.fishbun.ui.album.AlbumActivity"
88-->[com.sangcomz:FishBun:0.11.2] AndroidManifest.xml:23:13-71
89            android:label="@string/album"
89-->[com.sangcomz:FishBun:0.11.2] AndroidManifest.xml:24:13-42
90            android:theme="@style/FishBunTheme" />
90-->[com.sangcomz:FishBun:0.11.2] AndroidManifest.xml:25:13-48
91        <activity
91-->[com.sangcomz:FishBun:0.11.2] AndroidManifest.xml:26:9-28:51
92            android:name="com.sangcomz.fishbun.ui.picker.PickerActivity"
92-->[com.sangcomz:FishBun:0.11.2] AndroidManifest.xml:27:13-73
93            android:theme="@style/FishBunTheme" />
93-->[com.sangcomz:FishBun:0.11.2] AndroidManifest.xml:28:13-48
94        <activity
94-->[com.sangcomz:FishBun:0.11.2] AndroidManifest.xml:29:9-31:54
95            android:name="com.sangcomz.fishbun.ui.detail.DetailActivity"
95-->[com.sangcomz:FishBun:0.11.2] AndroidManifest.xml:30:13-73
96            android:theme="@style/DetailViewTheme" />
96-->[com.sangcomz:FishBun:0.11.2] AndroidManifest.xml:31:13-51
97
98        <provider
98-->[:image_picker] AndroidManifest.xml:11:9-19:20
99            android:name="io.flutter.plugins.imagepicker.ImagePickerFileProvider"
99-->[:image_picker] AndroidManifest.xml:12:13-82
100            android:authorities="com.worldon_app.worldon.flutter.image_provider"
100-->[:image_picker] AndroidManifest.xml:13:13-74
101            android:exported="false"
101-->[:image_picker] AndroidManifest.xml:14:13-37
102            android:grantUriPermissions="true" >
102-->[:image_picker] AndroidManifest.xml:15:13-47
103            <meta-data
103-->[com.sangcomz:FishBun:0.11.2] AndroidManifest.xml:17:13-19:58
104                android:name="android.support.FILE_PROVIDER_PATHS"
104-->[com.sangcomz:FishBun:0.11.2] AndroidManifest.xml:18:17-67
105                android:resource="@xml/flutter_image_picker_file_paths" />
105-->[com.sangcomz:FishBun:0.11.2] AndroidManifest.xml:19:17-55
106        </provider> <!-- Needs to be explicitly declared on P+ -->
107        <uses-library
107-->[com.google.android.gms:play-services-maps:17.0.0] AndroidManifest.xml:33:9-35:40
108            android:name="org.apache.http.legacy"
108-->[com.google.android.gms:play-services-maps:17.0.0] AndroidManifest.xml:34:13-50
109            android:required="false" />
109-->[com.google.android.gms:play-services-maps:17.0.0] AndroidManifest.xml:35:13-37
110
111        <activity
111-->[com.google.android.gms:play-services-base:17.0.0] AndroidManifest.xml:23:9-26:75
112            android:name="com.google.android.gms.common.api.GoogleApiActivity"
112-->[com.google.android.gms:play-services-base:17.0.0] AndroidManifest.xml:24:13-79
113            android:exported="false"
113-->[com.google.android.gms:play-services-base:17.0.0] AndroidManifest.xml:25:13-37
114            android:theme="@android:style/Theme.Translucent.NoTitleBar" />
114-->[com.google.android.gms:play-services-base:17.0.0] AndroidManifest.xml:26:13-72
115
116        <meta-data
116-->[com.google.android.gms:play-services-basement:17.0.0] AndroidManifest.xml:23:9-25:69
117            android:name="com.google.android.gms.version"
117-->[com.google.android.gms:play-services-basement:17.0.0] AndroidManifest.xml:24:13-58
118            android:value="@integer/google_play_services_version" />
118-->[com.google.android.gms:play-services-basement:17.0.0] AndroidManifest.xml:25:13-66
119    </application>
120
121</manifest>